<?xml version="1.0" encoding="UTF-8"?>
<!-- Generated by org.testng.reporters.JUnitReportReporter -->
<testsuite hostname="DESKTOP-1A5I486" failures="0" tests="3" name="com.selenium.tests.LoginTest" time="53.008" errors="0" timestamp="2024-06-28T14:11:11 IST" skipped="0">
  <testcase classname="com.selenium.tests.LoginTest" name="validCred" time="23.293"/>
  <testcase classname="com.selenium.tests.LoginTest" name="validCred" time="14.892"/>
  <testcase classname="com.selenium.tests.LoginTest" name="validCred" time="14.823"/>
</testsuite> <!-- com.selenium.tests.LoginTest -->
